<?xml version="1.0" encoding="UTF-8"?>
<testsuite xmlns:xsi="http://www.w3.org/2001/XMLSchema-instance" xsi:noNamespaceSchemaLocation="https://maven.apache.org/surefire/maven-surefire-plugin/xsd/surefire-test-report.xsd" name="com.wymdcr.AppTest" time="0.045" tests="1" errors="0" skipped="0" failures="0">
  <properties>
    <property name="sun.desktop" value="windows"/>
    <property name="awt.toolkit" value="sun.awt.windows.WToolkit"/>
    <property name="file.encoding.pkg" value="sun.io"/>
    <property name="java.specification.version" value="1.8"/>
    <property name="sun.cpu.isalist" value="amd64"/>
    <property name="sun.jnu.encoding" value="GBK"/>
    <property name="java.class.path" value="E:\project\java\github\openpay\common\target\test-classes;E:\project\java\github\openpay\common\target\classes;E:\software\apache-maven-3.5.4\mavenJar\junit\junit\4.11\junit-4.11.jar;E:\software\apache-maven-3.5.4\mavenJar\org\hamcrest\hamcrest-core\1.3\hamcrest-core-1.3.jar;E:\software\apache-maven-3.5.4\mavenJar\com\github\pagehelper\pagehelper-spring-boot-starter\1.1.0\pagehelper-spring-boot-starter-1.1.0.jar;E:\software\apache-maven-3.5.4\mavenJar\org\springframework\boot\spring-boot-starter\1.5.9.RELEASE\spring-boot-starter-1.5.9.RELEASE.jar;E:\software\apache-maven-3.5.4\mavenJar\org\springframework\boot\spring-boot\1.5.9.RELEASE\spring-boot-1.5.9.RELEASE.jar;E:\software\apache-maven-3.5.4\mavenJar\org\springframework\boot\spring-boot-autoconfigure\1.5.9.RELEASE\spring-boot-autoconfigure-1.5.9.RELEASE.jar;E:\software\apache-maven-3.5.4\mavenJar\org\springframework\boot\spring-boot-starter-logging\1.5.9.RELEASE\spring-boot-starter-logging-1.5.9.RELEASE.jar;E:\software\apache-maven-3.5.4\mavenJar\ch\qos\logback\logback-classic\1.1.11\logback-classic-1.1.11.jar;E:\software\apache-maven-3.5.4\mavenJar\ch\qos\logback\logback-core\1.1.11\logback-core-1.1.11.jar;E:\software\apache-maven-3.5.4\mavenJar\org\slf4j\jul-to-slf4j\1.7.25\jul-to-slf4j-1.7.25.jar;E:\software\apache-maven-3.5.4\mavenJar\org\slf4j\log4j-over-slf4j\1.7.25\log4j-over-slf4j-1.7.25.jar;E:\software\apache-maven-3.5.4\mavenJar\org\yaml\snakeyaml\1.17\snakeyaml-1.17.jar;E:\software\apache-maven-3.5.4\mavenJar\org\mybatis\spring\boot\mybatis-spring-boot-starter\1.2.0\mybatis-spring-boot-starter-1.2.0.jar;E:\software\apache-maven-3.5.4\mavenJar\org\springframework\boot\spring-boot-starter-jdbc\1.5.9.RELEASE\spring-boot-starter-jdbc-1.5.9.RELEASE.jar;E:\software\apache-maven-3.5.4\mavenJar\org\apache\tomcat\tomcat-jdbc\8.5.23\tomcat-jdbc-8.5.23.jar;E:\software\apache-maven-3.5.4\mavenJar\org\apache\tomcat\tomcat-juli\8.5.23\tomcat-juli-8.5.23.jar;E:\software\apache-maven-3.5.4\mavenJar\org\springframework\spring-jdbc\4.3.13.RELEASE\spring-jdbc-4.3.13.RELEASE.jar;E:\software\apache-maven-3.5.4\mavenJar\org\mybatis\spring\boot\mybatis-spring-boot-autoconfigure\1.2.0\mybatis-spring-boot-autoconfigure-1.2.0.jar;E:\software\apache-maven-3.5.4\mavenJar\org\mybatis\mybatis\3.4.2\mybatis-3.4.2.jar;E:\software\apache-maven-3.5.4\mavenJar\org\mybatis\mybatis-spring\1.3.1\mybatis-spring-1.3.1.jar;E:\software\apache-maven-3.5.4\mavenJar\com\github\pagehelper\pagehelper-spring-boot-autoconfigure\1.1.0\pagehelper-spring-boot-autoconfigure-1.1.0.jar;E:\software\apache-maven-3.5.4\mavenJar\com\github\pagehelper\pagehelper\5.0.0\pagehelper-5.0.0.jar;E:\software\apache-maven-3.5.4\mavenJar\com\github\jsqlparser\jsqlparser\0.9.5\jsqlparser-0.9.5.jar;E:\software\apache-maven-3.5.4\mavenJar\org\springframework\boot\spring-boot-starter-web\1.5.9.RELEASE\spring-boot-starter-web-1.5.9.RELEASE.jar;E:\software\apache-maven-3.5.4\mavenJar\org\springframework\boot\spring-boot-starter-tomcat\1.5.9.RELEASE\spring-boot-starter-tomcat-1.5.9.RELEASE.jar;E:\software\apache-maven-3.5.4\mavenJar\org\apache\tomcat\embed\tomcat-embed-core\8.5.23\tomcat-embed-core-8.5.23.jar;E:\software\apache-maven-3.5.4\mavenJar\org\apache\tomcat\tomcat-annotations-api\8.5.23\tomcat-annotations-api-8.5.23.jar;E:\software\apache-maven-3.5.4\mavenJar\org\apache\tomcat\embed\tomcat-embed-el\8.5.23\tomcat-embed-el-8.5.23.jar;E:\software\apache-maven-3.5.4\mavenJar\org\apache\tomcat\embed\tomcat-embed-websocket\8.5.23\tomcat-embed-websocket-8.5.23.jar;E:\software\apache-maven-3.5.4\mavenJar\org\hibernate\hibernate-validator\5.3.6.Final\hibernate-validator-5.3.6.Final.jar;E:\software\apache-maven-3.5.4\mavenJar\javax\validation\validation-api\1.1.0.Final\validation-api-1.1.0.Final.jar;E:\software\apache-maven-3.5.4\mavenJar\org\jboss\logging\jboss-logging\3.3.1.Final\jboss-logging-3.3.1.Final.jar;E:\software\apache-maven-3.5.4\mavenJar\com\fasterxml\classmate\1.3.4\classmate-1.3.4.jar;E:\software\apache-maven-3.5.4\mavenJar\com\fasterxml\jackson\core\jackson-databind\2.8.10\jackson-databind-2.8.10.jar;E:\software\apache-maven-3.5.4\mavenJar\com\fasterxml\jackson\core\jackson-annotations\2.8.0\jackson-annotations-2.8.0.jar;E:\software\apache-maven-3.5.4\mavenJar\com\fasterxml\jackson\core\jackson-core\2.8.10\jackson-core-2.8.10.jar;E:\software\apache-maven-3.5.4\mavenJar\org\springframework\spring-web\4.3.13.RELEASE\spring-web-4.3.13.RELEASE.jar;E:\software\apache-maven-3.5.4\mavenJar\org\springframework\spring-aop\4.3.13.RELEASE\spring-aop-4.3.13.RELEASE.jar;E:\software\apache-maven-3.5.4\mavenJar\org\springframework\spring-beans\4.3.13.RELEASE\spring-beans-4.3.13.RELEASE.jar;E:\software\apache-maven-3.5.4\mavenJar\org\springframework\spring-context\4.3.13.RELEASE\spring-context-4.3.13.RELEASE.jar;E:\software\apache-maven-3.5.4\mavenJar\org\springframework\spring-webmvc\4.3.13.RELEASE\spring-webmvc-4.3.13.RELEASE.jar;E:\software\apache-maven-3.5.4\mavenJar\org\springframework\spring-expression\4.3.13.RELEASE\spring-expression-4.3.13.RELEASE.jar;E:\software\apache-maven-3.5.4\mavenJar\org\springframework\boot\spring-boot-starter-test\1.5.9.RELEASE\spring-boot-starter-test-1.5.9.RELEASE.jar;E:\software\apache-maven-3.5.4\mavenJar\org\springframework\boot\spring-boot-test\1.5.9.RELEASE\spring-boot-test-1.5.9.RELEASE.jar;E:\software\apache-maven-3.5.4\mavenJar\org\springframework\boot\spring-boot-test-autoconfigure\1.5.9.RELEASE\spring-boot-test-autoconfigure-1.5.9.RELEASE.jar;E:\software\apache-maven-3.5.4\mavenJar\com\jayway\jsonpath\json-path\2.2.0\json-path-2.2.0.jar;E:\software\apache-maven-3.5.4\mavenJar\net\minidev\json-smart\2.2.1\json-smart-2.2.1.jar;E:\software\apache-maven-3.5.4\mavenJar\net\minidev\accessors-smart\1.1\accessors-smart-1.1.jar;E:\software\apache-maven-3.5.4\mavenJar\org\ow2\asm\asm\5.0.3\asm-5.0.3.jar;E:\software\apache-maven-3.5.4\mavenJar\org\assertj\assertj-core\2.6.0\assertj-core-2.6.0.jar;E:\software\apache-maven-3.5.4\mavenJar\org\mockito\mockito-core\1.10.19\mockito-core-1.10.19.jar;E:\software\apache-maven-3.5.4\mavenJar\org\objenesis\objenesis\2.1\objenesis-2.1.jar;E:\software\apache-maven-3.5.4\mavenJar\org\hamcrest\hamcrest-library\1.3\hamcrest-library-1.3.jar;E:\software\apache-maven-3.5.4\mavenJar\org\skyscreamer\jsonassert\1.4.0\jsonassert-1.4.0.jar;E:\software\apache-maven-3.5.4\mavenJar\org\springframework\spring-core\4.3.13.RELEASE\spring-core-4.3.13.RELEASE.jar;E:\software\apache-maven-3.5.4\mavenJar\org\springframework\spring-test\4.3.13.RELEASE\spring-test-4.3.13.RELEASE.jar;E:\software\apache-maven-3.5.4\mavenJar\org\springframework\boot\spring-boot-configuration-processor\1.5.9.RELEASE\spring-boot-configuration-processor-1.5.9.RELEASE.jar;E:\software\apache-maven-3.5.4\mavenJar\com\vaadin\external\google\android-json\0.0.20131108.vaadin1\android-json-0.0.20131108.vaadin1.jar;E:\software\apache-maven-3.5.4\mavenJar\com\zaxxer\HikariCP\2.7.8\HikariCP-2.7.8.jar;E:\software\apache-maven-3.5.4\mavenJar\org\slf4j\slf4j-api\1.7.25\slf4j-api-1.7.25.jar;E:\software\apache-maven-3.5.4\mavenJar\org\springframework\boot\spring-boot-starter-redis\1.3.8.RELEASE\spring-boot-starter-redis-1.3.8.RELEASE.jar;E:\software\apache-maven-3.5.4\mavenJar\org\springframework\data\spring-data-redis\1.8.9.RELEASE\spring-data-redis-1.8.9.RELEASE.jar;E:\software\apache-maven-3.5.4\mavenJar\org\springframework\data\spring-data-keyvalue\1.2.9.RELEASE\spring-data-keyvalue-1.2.9.RELEASE.jar;E:\software\apache-maven-3.5.4\mavenJar\org\springframework\data\spring-data-commons\1.13.9.RELEASE\spring-data-commons-1.13.9.RELEASE.jar;E:\software\apache-maven-3.5.4\mavenJar\org\springframework\spring-tx\4.3.13.RELEASE\spring-tx-4.3.13.RELEASE.jar;E:\software\apache-maven-3.5.4\mavenJar\org\springframework\spring-oxm\4.3.13.RELEASE\spring-oxm-4.3.13.RELEASE.jar;E:\software\apache-maven-3.5.4\mavenJar\org\springframework\spring-context-support\4.3.13.RELEASE\spring-context-support-4.3.13.RELEASE.jar;E:\software\apache-maven-3.5.4\mavenJar\org\slf4j\jcl-over-slf4j\1.7.25\jcl-over-slf4j-1.7.25.jar;E:\software\apache-maven-3.5.4\mavenJar\redis\clients\jedis\2.9.0\jedis-2.9.0.jar;E:\software\apache-maven-3.5.4\mavenJar\org\apache\commons\commons-pool2\2.4.3\commons-pool2-2.4.3.jar;E:\software\apache-maven-3.5.4\mavenJar\mysql\mysql-connector-java\5.1.41\mysql-connector-java-5.1.41.jar;E:\software\apache-maven-3.5.4\mavenJar\tk\mybatis\mapper-spring-boot-starter\1.1.0\mapper-spring-boot-starter-1.1.0.jar;E:\software\apache-maven-3.5.4\mavenJar\tk\mybatis\mapper-spring-boot-autoconfigure\1.0.0\mapper-spring-boot-autoconfigure-1.0.0.jar;E:\software\apache-maven-3.5.4\mavenJar\tk\mybatis\mapper\3.3.9\mapper-3.3.9.jar;E:\software\apache-maven-3.5.4\mavenJar\javax\persistence\persistence-api\1.0\persistence-api-1.0.jar;E:\software\apache-maven-3.5.4\mavenJar\commons-lang\commons-lang\2.4\commons-lang-2.4.jar;E:\software\apache-maven-3.5.4\mavenJar\net\sourceforge\jexcelapi\jxl\2.6.12\jxl-2.6.12.jar;E:\software\apache-maven-3.5.4\mavenJar\log4j\log4j\1.2.14\log4j-1.2.14.jar;E:\software\apache-maven-3.5.4\mavenJar\xerces\xercesImpl\2.11.0\xercesImpl-2.11.0.jar;E:\software\apache-maven-3.5.4\mavenJar\xml-apis\xml-apis\1.4.01\xml-apis-1.4.01.jar;E:\software\apache-maven-3.5.4\mavenJar\com\alibaba\fastjson\1.2.4\fastjson-1.2.4.jar;E:\software\apache-maven-3.5.4\mavenJar\io\netty\netty-all\4.1.0.Final\netty-all-4.1.0.Final.jar;E:\software\apache-maven-3.5.4\mavenJar\javax\servlet\javax.servlet-api\3.0.1\javax.servlet-api-3.0.1.jar;E:\software\apache-maven-3.5.4\mavenJar\org\projectlombok\lombok\1.16.10\lombok-1.16.10.jar;E:\software\apache-maven-3.5.4\mavenJar\org\junit\jupiter\junit-jupiter-api\5.3.1\junit-jupiter-api-5.3.1.jar;E:\software\apache-maven-3.5.4\mavenJar\org\apiguardian\apiguardian-api\1.0.0\apiguardian-api-1.0.0.jar;E:\software\apache-maven-3.5.4\mavenJar\org\opentest4j\opentest4j\1.1.1\opentest4j-1.1.1.jar;E:\software\apache-maven-3.5.4\mavenJar\org\junit\platform\junit-platform-commons\1.3.1\junit-platform-commons-1.3.1.jar;E:\software\apache-maven-3.5.4\mavenJar\com\rabbitmq\amqp-client\2.2.0\amqp-client-2.2.0.jar;E:\software\apache-maven-3.5.4\mavenJar\commons-cli\commons-cli\1.1\commons-cli-1.1.jar;E:\software\apache-maven-3.5.4\mavenJar\commons-io\commons-io\1.2\commons-io-1.2.jar;"/>
    <property name="java.vm.vendor" value="Oracle Corporation"/>
    <property name="sun.arch.data.model" value="64"/>
    <property name="user.variant" value=""/>
    <property name="java.vendor.url" value="http://java.oracle.com/"/>
    <property name="user.timezone" value=""/>
    <property name="java.vm.specification.version" value="1.8"/>
    <property name="os.name" value="Windows 10"/>
    <property name="user.country" value="CN"/>
    <property name="sun.java.launcher" value="SUN_STANDARD"/>
    <property name="sun.boot.library.path" value="E:\java\jdk1.8.0_102\jre\bin"/>
    <property name="sun.java.command" value="C:\Users\bbxyd\AppData\Local\Temp\surefire1225774647729300928\surefirebooter151761553166222762.jar C:\Users\bbxyd\AppData\Local\Temp\surefire1225774647729300928 2018-10-21T11-28-37_466-jvmRun1 surefire4339463342373386704tmp surefire_31822470232221149197tmp"/>
    <property name="surefire.test.class.path" value="E:\project\java\github\openpay\common\target\test-classes;E:\project\java\github\openpay\common\target\classes;E:\software\apache-maven-3.5.4\mavenJar\junit\junit\4.11\junit-4.11.jar;E:\software\apache-maven-3.5.4\mavenJar\org\hamcrest\hamcrest-core\1.3\hamcrest-core-1.3.jar;E:\software\apache-maven-3.5.4\mavenJar\com\github\pagehelper\pagehelper-spring-boot-starter\1.1.0\pagehelper-spring-boot-starter-1.1.0.jar;E:\software\apache-maven-3.5.4\mavenJar\org\springframework\boot\spring-boot-starter\1.5.9.RELEASE\spring-boot-starter-1.5.9.RELEASE.jar;E:\software\apache-maven-3.5.4\mavenJar\org\springframework\boot\spring-boot\1.5.9.RELEASE\spring-boot-1.5.9.RELEASE.jar;E:\software\apache-maven-3.5.4\mavenJar\org\springframework\boot\spring-boot-autoconfigure\1.5.9.RELEASE\spring-boot-autoconfigure-1.5.9.RELEASE.jar;E:\software\apache-maven-3.5.4\mavenJar\org\springframework\boot\spring-boot-starter-logging\1.5.9.RELEASE\spring-boot-starter-logging-1.5.9.RELEASE.jar;E:\software\apache-maven-3.5.4\mavenJar\ch\qos\logback\logback-classic\1.1.11\logback-classic-1.1.11.jar;E:\software\apache-maven-3.5.4\mavenJar\ch\qos\logback\logback-core\1.1.11\logback-core-1.1.11.jar;E:\software\apache-maven-3.5.4\mavenJar\org\slf4j\jul-to-slf4j\1.7.25\jul-to-slf4j-1.7.25.jar;E:\software\apache-maven-3.5.4\mavenJar\org\slf4j\log4j-over-slf4j\1.7.25\log4j-over-slf4j-1.7.25.jar;E:\software\apache-maven-3.5.4\mavenJar\org\yaml\snakeyaml\1.17\snakeyaml-1.17.jar;E:\software\apache-maven-3.5.4\mavenJar\org\mybatis\spring\boot\mybatis-spring-boot-starter\1.2.0\mybatis-spring-boot-starter-1.2.0.jar;E:\software\apache-maven-3.5.4\mavenJar\org\springframework\boot\spring-boot-starter-jdbc\1.5.9.RELEASE\spring-boot-starter-jdbc-1.5.9.RELEASE.jar;E:\software\apache-maven-3.5.4\mavenJar\org\apache\tomcat\tomcat-jdbc\8.5.23\tomcat-jdbc-8.5.23.jar;E:\software\apache-maven-3.5.4\mavenJar\org\apache\tomcat\tomcat-juli\8.5.23\tomcat-juli-8.5.23.jar;E:\software\apache-maven-3.5.4\mavenJar\org\springframework\spring-jdbc\4.3.13.RELEASE\spring-jdbc-4.3.13.RELEASE.jar;E:\software\apache-maven-3.5.4\mavenJar\org\mybatis\spring\boot\mybatis-spring-boot-autoconfigure\1.2.0\mybatis-spring-boot-autoconfigure-1.2.0.jar;E:\software\apache-maven-3.5.4\mavenJar\org\mybatis\mybatis\3.4.2\mybatis-3.4.2.jar;E:\software\apache-maven-3.5.4\mavenJar\org\mybatis\mybatis-spring\1.3.1\mybatis-spring-1.3.1.jar;E:\software\apache-maven-3.5.4\mavenJar\com\github\pagehelper\pagehelper-spring-boot-autoconfigure\1.1.0\pagehelper-spring-boot-autoconfigure-1.1.0.jar;E:\software\apache-maven-3.5.4\mavenJar\com\github\pagehelper\pagehelper\5.0.0\pagehelper-5.0.0.jar;E:\software\apache-maven-3.5.4\mavenJar\com\github\jsqlparser\jsqlparser\0.9.5\jsqlparser-0.9.5.jar;E:\software\apache-maven-3.5.4\mavenJar\org\springframework\boot\spring-boot-starter-web\1.5.9.RELEASE\spring-boot-starter-web-1.5.9.RELEASE.jar;E:\software\apache-maven-3.5.4\mavenJar\org\springframework\boot\spring-boot-starter-tomcat\1.5.9.RELEASE\spring-boot-starter-tomcat-1.5.9.RELEASE.jar;E:\software\apache-maven-3.5.4\mavenJar\org\apache\tomcat\embed\tomcat-embed-core\8.5.23\tomcat-embed-core-8.5.23.jar;E:\software\apache-maven-3.5.4\mavenJar\org\apache\tomcat\tomcat-annotations-api\8.5.23\tomcat-annotations-api-8.5.23.jar;E:\software\apache-maven-3.5.4\mavenJar\org\apache\tomcat\embed\tomcat-embed-el\8.5.23\tomcat-embed-el-8.5.23.jar;E:\software\apache-maven-3.5.4\mavenJar\org\apache\tomcat\embed\tomcat-embed-websocket\8.5.23\tomcat-embed-websocket-8.5.23.jar;E:\software\apache-maven-3.5.4\mavenJar\org\hibernate\hibernate-validator\5.3.6.Final\hibernate-validator-5.3.6.Final.jar;E:\software\apache-maven-3.5.4\mavenJar\javax\validation\validation-api\1.1.0.Final\validation-api-1.1.0.Final.jar;E:\software\apache-maven-3.5.4\mavenJar\org\jboss\logging\jboss-logging\3.3.1.Final\jboss-logging-3.3.1.Final.jar;E:\software\apache-maven-3.5.4\mavenJar\com\fasterxml\classmate\1.3.4\classmate-1.3.4.jar;E:\software\apache-maven-3.5.4\mavenJar\com\fasterxml\jackson\core\jackson-databind\2.8.10\jackson-databind-2.8.10.jar;E:\software\apache-maven-3.5.4\mavenJar\com\fasterxml\jackson\core\jackson-annotations\2.8.0\jackson-annotations-2.8.0.jar;E:\software\apache-maven-3.5.4\mavenJar\com\fasterxml\jackson\core\jackson-core\2.8.10\jackson-core-2.8.10.jar;E:\software\apache-maven-3.5.4\mavenJar\org\springframework\spring-web\4.3.13.RELEASE\spring-web-4.3.13.RELEASE.jar;E:\software\apache-maven-3.5.4\mavenJar\org\springframework\spring-aop\4.3.13.RELEASE\spring-aop-4.3.13.RELEASE.jar;E:\software\apache-maven-3.5.4\mavenJar\org\springframework\spring-beans\4.3.13.RELEASE\spring-beans-4.3.13.RELEASE.jar;E:\software\apache-maven-3.5.4\mavenJar\org\springframework\spring-context\4.3.13.RELEASE\spring-context-4.3.13.RELEASE.jar;E:\software\apache-maven-3.5.4\mavenJar\org\springframework\spring-webmvc\4.3.13.RELEASE\spring-webmvc-4.3.13.RELEASE.jar;E:\software\apache-maven-3.5.4\mavenJar\org\springframework\spring-expression\4.3.13.RELEASE\spring-expression-4.3.13.RELEASE.jar;E:\software\apache-maven-3.5.4\mavenJar\org\springframework\boot\spring-boot-starter-test\1.5.9.RELEASE\spring-boot-starter-test-1.5.9.RELEASE.jar;E:\software\apache-maven-3.5.4\mavenJar\org\springframework\boot\spring-boot-test\1.5.9.RELEASE\spring-boot-test-1.5.9.RELEASE.jar;E:\software\apache-maven-3.5.4\mavenJar\org\springframework\boot\spring-boot-test-autoconfigure\1.5.9.RELEASE\spring-boot-test-autoconfigure-1.5.9.RELEASE.jar;E:\software\apache-maven-3.5.4\mavenJar\com\jayway\jsonpath\json-path\2.2.0\json-path-2.2.0.jar;E:\software\apache-maven-3.5.4\mavenJar\net\minidev\json-smart\2.2.1\json-smart-2.2.1.jar;E:\software\apache-maven-3.5.4\mavenJar\net\minidev\accessors-smart\1.1\accessors-smart-1.1.jar;E:\software\apache-maven-3.5.4\mavenJar\org\ow2\asm\asm\5.0.3\asm-5.0.3.jar;E:\software\apache-maven-3.5.4\mavenJar\org\assertj\assertj-core\2.6.0\assertj-core-2.6.0.jar;E:\software\apache-maven-3.5.4\mavenJar\org\mockito\mockito-core\1.10.19\mockito-core-1.10.19.jar;E:\software\apache-maven-3.5.4\mavenJar\org\objenesis\objenesis\2.1\objenesis-2.1.jar;E:\software\apache-maven-3.5.4\mavenJar\org\hamcrest\hamcrest-library\1.3\hamcrest-library-1.3.jar;E:\software\apache-maven-3.5.4\mavenJar\org\skyscreamer\jsonassert\1.4.0\jsonassert-1.4.0.jar;E:\software\apache-maven-3.5.4\mavenJar\org\springframework\spring-core\4.3.13.RELEASE\spring-core-4.3.13.RELEASE.jar;E:\software\apache-maven-3.5.4\mavenJar\org\springframework\spring-test\4.3.13.RELEASE\spring-test-4.3.13.RELEASE.jar;E:\software\apache-maven-3.5.4\mavenJar\org\springframework\boot\spring-boot-configuration-processor\1.5.9.RELEASE\spring-boot-configuration-processor-1.5.9.RELEASE.jar;E:\software\apache-maven-3.5.4\mavenJar\com\vaadin\external\google\android-json\0.0.20131108.vaadin1\android-json-0.0.20131108.vaadin1.jar;E:\software\apache-maven-3.5.4\mavenJar\com\zaxxer\HikariCP\2.7.8\HikariCP-2.7.8.jar;E:\software\apache-maven-3.5.4\mavenJar\org\slf4j\slf4j-api\1.7.25\slf4j-api-1.7.25.jar;E:\software\apache-maven-3.5.4\mavenJar\org\springframework\boot\spring-boot-starter-redis\1.3.8.RELEASE\spring-boot-starter-redis-1.3.8.RELEASE.jar;E:\software\apache-maven-3.5.4\mavenJar\org\springframework\data\spring-data-redis\1.8.9.RELEASE\spring-data-redis-1.8.9.RELEASE.jar;E:\software\apache-maven-3.5.4\mavenJar\org\springframework\data\spring-data-keyvalue\1.2.9.RELEASE\spring-data-keyvalue-1.2.9.RELEASE.jar;E:\software\apache-maven-3.5.4\mavenJar\org\springframework\data\spring-data-commons\1.13.9.RELEASE\spring-data-commons-1.13.9.RELEASE.jar;E:\software\apache-maven-3.5.4\mavenJar\org\springframework\spring-tx\4.3.13.RELEASE\spring-tx-4.3.13.RELEASE.jar;E:\software\apache-maven-3.5.4\mavenJar\org\springframework\spring-oxm\4.3.13.RELEASE\spring-oxm-4.3.13.RELEASE.jar;E:\software\apache-maven-3.5.4\mavenJar\org\springframework\spring-context-support\4.3.13.RELEASE\spring-context-support-4.3.13.RELEASE.jar;E:\software\apache-maven-3.5.4\mavenJar\org\slf4j\jcl-over-slf4j\1.7.25\jcl-over-slf4j-1.7.25.jar;E:\software\apache-maven-3.5.4\mavenJar\redis\clients\jedis\2.9.0\jedis-2.9.0.jar;E:\software\apache-maven-3.5.4\mavenJar\org\apache\commons\commons-pool2\2.4.3\commons-pool2-2.4.3.jar;E:\software\apache-maven-3.5.4\mavenJar\mysql\mysql-connector-java\5.1.41\mysql-connector-java-5.1.41.jar;E:\software\apache-maven-3.5.4\mavenJar\tk\mybatis\mapper-spring-boot-starter\1.1.0\mapper-spring-boot-starter-1.1.0.jar;E:\software\apache-maven-3.5.4\mavenJar\tk\mybatis\mapper-spring-boot-autoconfigure\1.0.0\mapper-spring-boot-autoconfigure-1.0.0.jar;E:\software\apache-maven-3.5.4\mavenJar\tk\mybatis\mapper\3.3.9\mapper-3.3.9.jar;E:\software\apache-maven-3.5.4\mavenJar\javax\persistence\persistence-api\1.0\persistence-api-1.0.jar;E:\software\apache-maven-3.5.4\mavenJar\commons-lang\commons-lang\2.4\commons-lang-2.4.jar;E:\software\apache-maven-3.5.4\mavenJar\net\sourceforge\jexcelapi\jxl\2.6.12\jxl-2.6.12.jar;E:\software\apache-maven-3.5.4\mavenJar\log4j\log4j\1.2.14\log4j-1.2.14.jar;E:\software\apache-maven-3.5.4\mavenJar\xerces\xercesImpl\2.11.0\xercesImpl-2.11.0.jar;E:\software\apache-maven-3.5.4\mavenJar\xml-apis\xml-apis\1.4.01\xml-apis-1.4.01.jar;E:\software\apache-maven-3.5.4\mavenJar\com\alibaba\fastjson\1.2.4\fastjson-1.2.4.jar;E:\software\apache-maven-3.5.4\mavenJar\io\netty\netty-all\4.1.0.Final\netty-all-4.1.0.Final.jar;E:\software\apache-maven-3.5.4\mavenJar\javax\servlet\javax.servlet-api\3.0.1\javax.servlet-api-3.0.1.jar;E:\software\apache-maven-3.5.4\mavenJar\org\projectlombok\lombok\1.16.10\lombok-1.16.10.jar;E:\software\apache-maven-3.5.4\mavenJar\org\junit\jupiter\junit-jupiter-api\5.3.1\junit-jupiter-api-5.3.1.jar;E:\software\apache-maven-3.5.4\mavenJar\org\apiguardian\apiguardian-api\1.0.0\apiguardian-api-1.0.0.jar;E:\software\apache-maven-3.5.4\mavenJar\org\opentest4j\opentest4j\1.1.1\opentest4j-1.1.1.jar;E:\software\apache-maven-3.5.4\mavenJar\org\junit\platform\junit-platform-commons\1.3.1\junit-platform-commons-1.3.1.jar;E:\software\apache-maven-3.5.4\mavenJar\com\rabbitmq\amqp-client\2.2.0\amqp-client-2.2.0.jar;E:\software\apache-maven-3.5.4\mavenJar\commons-cli\commons-cli\1.1\commons-cli-1.1.jar;E:\software\apache-maven-3.5.4\mavenJar\commons-io\commons-io\1.2\commons-io-1.2.jar;"/>
    <property name="sun.cpu.endian" value="little"/>
    <property name="user.home" value="C:\Users\bbxyd"/>
    <property name="user.language" value="zh"/>
    <property name="java.specification.vendor" value="Oracle Corporation"/>
    <property name="java.home" value="E:\java\jdk1.8.0_102\jre"/>
    <property name="basedir" value="E:\project\java\github\openpay\common"/>
    <property name="file.separator" value="\"/>
    <property name="line.separator" value="&#10;"/>
    <property name="java.vm.specification.vendor" value="Oracle Corporation"/>
    <property name="java.specification.name" value="Java Platform API Specification"/>
    <property name="java.awt.graphicsenv" value="sun.awt.Win32GraphicsEnvironment"/>
    <property name="surefire.real.class.path" value="C:\Users\bbxyd\AppData\Local\Temp\surefire1225774647729300928\surefirebooter151761553166222762.jar"/>
    <property name="sun.boot.class.path" value="E:\java\jdk1.8.0_102\jre\lib\resources.jar;E:\java\jdk1.8.0_102\jre\lib\rt.jar;E:\java\jdk1.8.0_102\jre\lib\sunrsasign.jar;E:\java\jdk1.8.0_102\jre\lib\jsse.jar;E:\java\jdk1.8.0_102\jre\lib\jce.jar;E:\java\jdk1.8.0_102\jre\lib\charsets.jar;E:\java\jdk1.8.0_102\jre\lib\jfr.jar;E:\java\jdk1.8.0_102\jre\classes"/>
    <property name="user.script" value=""/>
    <property name="sun.management.compiler" value="HotSpot 64-Bit Tiered Compilers"/>
    <property name="java.runtime.version" value="1.8.0_102-b14"/>
    <property name="user.name" value="bbxyd"/>
    <property name="path.separator" value=";"/>
    <property name="os.version" value="10.0"/>
    <property name="java.endorsed.dirs" value="E:\java\jdk1.8.0_102\jre\lib\endorsed"/>
    <property name="java.runtime.name" value="Java(TM) SE Runtime Environment"/>
    <property name="file.encoding" value="GBK"/>
    <property name="java.vm.name" value="Java HotSpot(TM) 64-Bit Server VM"/>
    <property name="localRepository" value="E:\software\apache-maven-3.5.4\mavenJar"/>
    <property name="java.vendor.url.bug" value="http://bugreport.sun.com/bugreport/"/>
    <property name="java.io.tmpdir" value="C:\Users\bbxyd\AppData\Local\Temp\"/>
    <property name="idea.version" value="2017.3.5"/>
    <property name="java.version" value="1.8.0_102"/>
    <property name="user.dir" value="E:\project\java\github\openpay\common"/>
    <property name="os.arch" value="amd64"/>
    <property name="java.vm.specification.name" value="Java Virtual Machine Specification"/>
    <property name="java.awt.printerjob" value="sun.awt.windows.WPrinterJob"/>
    <property name="sun.os.patch.level" value=""/>
    <property name="java.library.path" value="E:\java\jdk1.8.0_102\jre\bin;C:\WINDOWS\Sun\Java\bin;C:\WINDOWS\system32;C:\WINDOWS;E:\java\jdk1.8.0_102\bin;C:\ProgramData\Oracle\Java\javapath;C:\Program Files (x86)\Intel\iCLS Client\;C:\Program Files\Intel\iCLS Client\;C:\WINDOWS\system32;C:\WINDOWS;C:\WINDOWS\System32\Wbem;C:\WINDOWS\System32\WindowsPowerShell\v1.0\;C:\Program Files (x86)\Intel\Intel(R) Management Engine Components\DAL;C:\Program Files\Intel\Intel(R) Management Engine Components\DAL;C:\Program Files (x86)\Intel\Intel(R) Management Engine Components\IPT;C:\Program Files\Intel\Intel(R) Management Engine Components\IPT;E:\python\python27;E:\python\python27\Lib\site-packages\Django-1.11.5-py2.7.egg\django\bin;E:\python\python27\Scripts;E:\software\apache-maven-3.5.4\bin;E:\software\zookeeper-3.3.6\bin;E:\python\project\spider\wechat_jump_game-master\Tools\adb;C:\WINDOWS\System32\OpenSSH\;C:\Program Files\Intel\WiFi\bin\;C:\Program Files\Common Files\Intel\WirelessCommon\;E:\go\bin;E:\software\Git\cmd;C:\Users\bbxyd\AppData\Local\Microsoft\WindowsApps;C:\Users\bbxyd\AppData\Local\GitHubDesktop\bin;E:\software\docker\Docker Toolbox;."/>
    <property name="java.vm.info" value="mixed mode"/>
    <property name="java.vendor" value="Oracle Corporation"/>
    <property name="java.vm.version" value="25.102-b14"/>
    <property name="java.ext.dirs" value="E:\java\jdk1.8.0_102\jre\lib\ext;C:\WINDOWS\Sun\Java\lib\ext"/>
    <property name="sun.io.unicode.encoding" value="UnicodeLittle"/>
    <property name="maven.repo.local" value="E:\software\apache-maven-3.5.4\mavenJar"/>
    <property name="java.class.version" value="52.0"/>
  </properties>
  <testcase name="shouldAnswerWithTrue" classname="com.wymdcr.AppTest" time="0"/>
</testsuite>